<?xml version="1.0" encoding="UTF-8"?>
<coverage generated="1533715959383" clover="3.2.0">
  <project timestamp="1533715959383" name="All files">
    <metrics statements="60" coveredstatements="55" conditionals="28" coveredconditionals="27" methods="30" coveredmethods="22" elements="118" coveredelements="104" complexity="0" loc="60" ncloc="60" packages="4" files="12" classes="12">
      <package name="actions">
        <metrics statements="9" coveredstatements="6" conditionals="1" coveredconditionals="0" methods="7" coveredmethods="4"/>
        <file name="clients.js" path="D:\InCodeTest\src\actions\clients.js">
          <metrics statements="7" coveredstatements="4" conditionals="0" coveredconditionals="0" methods="5" coveredmethods="3"/>
          <line num="4" count="3" type="stmt"/>
          <line num="9" count="3" type="stmt"/>
          <line num="10" count="2" type="stmt"/>
          <line num="11" count="1" type="stmt"/>
          <line num="18" count="0" type="stmt"/>
          <line num="19" count="0" type="stmt"/>
          <line num="22" count="0" type="stmt"/>
        </file>
        <file name="detail.js" path="D:\InCodeTest\src\actions\detail.js">
          <metrics statements="1" coveredstatements="1" conditionals="0" coveredconditionals="0" methods="1" coveredmethods="1"/>
          <line num="1" count="5" type="stmt"/>
        </file>
        <file name="filters.js" path="D:\InCodeTest\src\actions\filters.js">
          <metrics statements="1" coveredstatements="1" conditionals="1" coveredconditionals="0" methods="1" coveredmethods="0"/>
          <line num="2" count="2" type="cond" truecount="0" falsecount="1"/>
        </file>
      </package>
      <package name="components">
        <metrics statements="19" coveredstatements="17" conditionals="10" coveredconditionals="10" methods="14" coveredmethods="9"/>
        <file name="ClientsDetail.js" path="D:\InCodeTest\src\components\ClientsDetail.js">
          <metrics statements="2" coveredstatements="2" conditionals="10" coveredconditionals="10" methods="1" coveredmethods="1"/>
          <line num="4" count="2" type="stmt"/>
          <line num="5" count="1" type="stmt"/>
        </file>
        <file name="ClientsList.js" path="D:\InCodeTest\src\components\ClientsList.js">
          <metrics statements="5" coveredstatements="4" conditionals="0" coveredconditionals="0" methods="4" coveredmethods="3"/>
          <line num="10" count="2" type="stmt"/>
          <line num="13" count="2" type="stmt"/>
          <line num="16" count="0" type="stmt"/>
          <line num="23" count="2" type="stmt"/>
          <line num="24" count="1" type="stmt"/>
        </file>
        <file name="ClientsListItem.js" path="D:\InCodeTest\src\components\ClientsListItem.js">
          <metrics statements="3" coveredstatements="3" conditionals="0" coveredconditionals="0" methods="2" coveredmethods="2"/>
          <line num="8" count="1" type="stmt"/>
          <line num="9" count="1" type="stmt"/>
          <line num="13" count="2" type="stmt"/>
        </file>
        <file name="ClientsPage.js" path="D:\InCodeTest\src\components\ClientsPage.js">
          <metrics statements="3" coveredstatements="3" conditionals="0" coveredconditionals="0" methods="2" coveredmethods="1"/>
          <line num="8" count="1" type="stmt"/>
          <line num="9" count="1" type="stmt"/>
          <line num="24" count="1" type="stmt"/>
        </file>
        <file name="SearchInput.js" path="D:\InCodeTest\src\components\SearchInput.js">
          <metrics statements="6" coveredstatements="5" conditionals="0" coveredconditionals="0" methods="5" coveredmethods="2"/>
          <line num="8" count="1" type="stmt"/>
          <line num="9" count="1" type="stmt"/>
          <line num="13" count="2" type="stmt"/>
          <line num="26" count="2" type="stmt"/>
          <line num="27" count="2" type="stmt"/>
          <line num="28" count="0" type="stmt"/>
        </file>
      </package>
      <package name="reducers">
        <metrics statements="9" coveredstatements="9" conditionals="9" coveredconditionals="9" methods="3" coveredmethods="3"/>
        <file name="clients.js" path="D:\InCodeTest\src\reducers\clients.js">
          <metrics statements="3" coveredstatements="3" conditionals="3" coveredconditionals="3" methods="1" coveredmethods="1"/>
          <line num="2" count="2" type="cond" truecount="2" falsecount="0"/>
          <line num="4" count="1" type="stmt"/>
          <line num="6" count="1" type="stmt"/>
        </file>
        <file name="detail.js" path="D:\InCodeTest\src\reducers\detail.js">
          <metrics statements="3" coveredstatements="3" conditionals="3" coveredconditionals="3" methods="1" coveredmethods="1"/>
          <line num="2" count="2" type="cond" truecount="2" falsecount="0"/>
          <line num="4" count="1" type="stmt"/>
          <line num="6" count="1" type="stmt"/>
        </file>
        <file name="filters.js" path="D:\InCodeTest\src\reducers\filters.js">
          <metrics statements="3" coveredstatements="3" conditionals="3" coveredconditionals="3" methods="1" coveredmethods="1"/>
          <line num="2" count="2" type="cond" truecount="2" falsecount="0"/>
          <line num="4" count="1" type="stmt"/>
          <line num="9" count="1" type="stmt"/>
        </file>
      </package>
      <package name="selectors">
        <metrics statements="23" coveredstatements="23" conditionals="8" coveredconditionals="8" methods="6" coveredmethods="6"/>
        <file name="clients.js" path="D:\InCodeTest\src\selectors\clients.js">
          <metrics statements="23" coveredstatements="23" conditionals="8" coveredconditionals="8" methods="6" coveredmethods="6"/>
          <line num="3" count="3" type="stmt"/>
          <line num="4" count="3" type="stmt"/>
          <line num="7" count="3" type="stmt"/>
          <line num="8" count="20" type="stmt"/>
          <line num="9" count="60" type="stmt"/>
          <line num="10" count="60" type="cond" truecount="2" falsecount="0"/>
          <line num="11" count="44" type="cond" truecount="2" falsecount="0"/>
          <line num="12" count="40" type="stmt"/>
          <line num="15" count="16" type="stmt"/>
          <line num="19" count="3" type="stmt"/>
          <line num="20" count="4" type="stmt"/>
          <line num="21" count="4" type="stmt"/>
          <line num="22" count="4" type="stmt"/>
          <line num="25" count="3" type="stmt"/>
          <line num="28" count="2" type="cond" truecount="2" falsecount="0"/>
          <line num="29" count="1" type="stmt"/>
          <line num="30" count="4" type="stmt"/>
          <line num="32" count="4" type="stmt"/>
          <line num="33" count="30" type="stmt"/>
          <line num="34" count="30" type="stmt"/>
          <line num="35" count="30" type="cond" truecount="2" falsecount="0"/>
          <line num="37" count="4" type="stmt"/>
          <line num="40" count="1" type="stmt"/>
        </file>
      </package>
    </metrics>
  </project>
</coverage>
