{"D:\\InCodeTest\\src\\actions\\clients.js": {"path":"D:\\InCodeTest\\src\\actions\\clients.js","statementMap":{"0":{"start":{"line":4,"column":26},"end":{"line":7,"column":2}},"1":{"start":{"line":4,"column":38},"end":{"line":7,"column":1}},"2":{"start":{"line":9,"column":31},"end":{"line":25,"column":1}},"3":{"start":{"line":10,"column":2},"end":{"line":24,"column":4}},"4":{"start":{"line":11,"column":4},"end":{"line":23,"column":9}},"5":{"start":{"line":18,"column":8},"end":{"line":18,"column":35}},"6":{"start":{"line":19,"column":8},"end":{"line":19,"column":37}},"7":{"start":{"line":22,"column":8},"end":{"line":22,"column":34}}},"fnMap":{"0":{"name":"(anonymous_0)","decl":{"start":{"line":4,"column":26},"end":{"line":4,"column":27}},"loc":{"start":{"line":4,"column":38},"end":{"line":7,"column":1}},"line":4},"1":{"name":"(anonymous_1)","decl":{"start":{"line":9,"column":31},"end":{"line":9,"column":32}},"loc":{"start":{"line":9,"column":37},"end":{"line":25,"column":1}},"line":9},"2":{"name":"(anonymous_2)","decl":{"start":{"line":10,"column":9},"end":{"line":10,"column":10}},"loc":{"start":{"line":10,"column":21},"end":{"line":24,"column":3}},"line":10},"3":{"name":"(anonymous_3)","decl":{"start":{"line":17,"column":12},"end":{"line":17,"column":13}},"loc":{"start":{"line":17,"column":20},"end":{"line":20,"column":7}},"line":17},"4":{"name":"(anonymous_4)","decl":{"start":{"line":21,"column":12},"end":{"line":21,"column":13}},"loc":{"start":{"line":21,"column":19},"end":{"line":23,"column":7}},"line":21}},"branchMap":{},"s":{"0":3,"1":1,"2":3,"3":2,"4":1,"5":0,"6":0,"7":0},"f":{"0":1,"1":2,"2":1,"3":0,"4":0},"b":{},"_coverageSchema":"332fd63041d2c1bcb487cc26dd0d5f7d97098a6c","hash":"ab53a21236da6dfcfc9a8e645f62c70ab71fb6fe"}
,"D:\\InCodeTest\\src\\actions\\detail.js": {"path":"D:\\InCodeTest\\src\\actions\\detail.js","statementMap":{"0":{"start":{"line":1,"column":25},"end":{"line":4,"column":2}},"1":{"start":{"line":1,"column":34},"end":{"line":4,"column":1}}},"fnMap":{"0":{"name":"(anonymous_0)","decl":{"start":{"line":1,"column":25},"end":{"line":1,"column":26}},"loc":{"start":{"line":1,"column":34},"end":{"line":4,"column":1}},"line":1}},"branchMap":{},"s":{"0":5,"1":2},"f":{"0":2},"b":{},"_coverageSchema":"332fd63041d2c1bcb487cc26dd0d5f7d97098a6c","hash":"49d9a1a7d035713842d04467406959f198a296c5"}
,"D:\\InCodeTest\\src\\actions\\filters.js": {"path":"D:\\InCodeTest\\src\\actions\\filters.js","statementMap":{"0":{"start":{"line":2,"column":29},"end":{"line":5,"column":2}},"1":{"start":{"line":2,"column":45},"end":{"line":5,"column":1}}},"fnMap":{"0":{"name":"(anonymous_0)","decl":{"start":{"line":2,"column":29},"end":{"line":2,"column":30}},"loc":{"start":{"line":2,"column":45},"end":{"line":5,"column":1}},"line":2}},"branchMap":{"0":{"loc":{"start":{"line":2,"column":30},"end":{"line":2,"column":39}},"type":"default-arg","locations":[{"start":{"line":2,"column":37},"end":{"line":2,"column":39}}],"line":2}},"s":{"0":2,"1":0},"f":{"0":0},"b":{"0":[0]},"_coverageSchema":"332fd63041d2c1bcb487cc26dd0d5f7d97098a6c","hash":"4170864c410530e82524bc224c92038facbff92f"}
,"D:\\InCodeTest\\src\\components\\ClientsDetail.js": {"path":"D:\\InCodeTest\\src\\components\\ClientsDetail.js","statementMap":{"0":{"start":{"line":4,"column":22},"end":{"line":28,"column":1}},"1":{"start":{"line":5,"column":2},"end":{"line":27,"column":15}}},"fnMap":{"0":{"name":"(anonymous_0)","decl":{"start":{"line":4,"column":22},"end":{"line":4,"column":23}},"loc":{"start":{"line":5,"column":2},"end":{"line":27,"column":15}},"line":5}},"branchMap":{"0":{"loc":{"start":{"line":7,"column":23},"end":{"line":7,"column":60}},"type":"binary-expr","locations":[{"start":{"line":7,"column":23},"end":{"line":7,"column":36}},{"start":{"line":7,"column":40},"end":{"line":7,"column":60}}],"line":7},"1":{"loc":{"start":{"line":10,"column":11},"end":{"line":11,"column":66}},"type":"binary-expr","locations":[{"start":{"line":10,"column":11},"end":{"line":10,"column":24}},{"start":{"line":11,"column":12},"end":{"line":11,"column":66}}],"line":10},"2":{"loc":{"start":{"line":14,"column":11},"end":{"line":14,"column":67}},"type":"binary-expr","locations":[{"start":{"line":14,"column":11},"end":{"line":14,"column":20}},{"start":{"line":14,"column":24},"end":{"line":14,"column":67}}],"line":14},"3":{"loc":{"start":{"line":17,"column":11},"end":{"line":20,"column":38}},"type":"binary-expr","locations":[{"start":{"line":17,"column":11},"end":{"line":17,"column":24}},{"start":{"line":18,"column":12},"end":{"line":20,"column":38}}],"line":17},"4":{"loc":{"start":{"line":23,"column":11},"end":{"line":23,"column":76}},"type":"binary-expr","locations":[{"start":{"line":23,"column":11},"end":{"line":23,"column":24}},{"start":{"line":23,"column":28},"end":{"line":23,"column":76}}],"line":23}},"s":{"0":2,"1":1},"f":{"0":1},"b":{"0":[1,1],"1":[1,1],"2":[1,1],"3":[1,1],"4":[1,1]},"_coverageSchema":"332fd63041d2c1bcb487cc26dd0d5f7d97098a6c","hash":"e6fe4ca1d1088b1079faab0ecba7231d399d1fca"}
,"D:\\InCodeTest\\src\\components\\ClientsList.js": {"path":"D:\\InCodeTest\\src\\components\\ClientsList.js","statementMap":{"0":{"start":{"line":10,"column":4},"end":{"line":10,"column":43}},"1":{"start":{"line":13,"column":4},"end":{"line":19,"column":6}},"2":{"start":{"line":16,"column":10},"end":{"line":16,"column":53}},"3":{"start":{"line":23,"column":24},"end":{"line":27,"column":1}},"4":{"start":{"line":24,"column":2},"end":{"line":26,"column":4}}},"fnMap":{"0":{"name":"(anonymous_0)","decl":{"start":{"line":9,"column":2},"end":{"line":9,"column":3}},"loc":{"start":{"line":9,"column":22},"end":{"line":11,"column":3}},"line":9},"1":{"name":"(anonymous_1)","decl":{"start":{"line":12,"column":2},"end":{"line":12,"column":3}},"loc":{"start":{"line":12,"column":11},"end":{"line":20,"column":3}},"line":12},"2":{"name":"(anonymous_2)","decl":{"start":{"line":15,"column":32},"end":{"line":15,"column":33}},"loc":{"start":{"line":16,"column":10},"end":{"line":16,"column":53}},"line":16},"3":{"name":"(anonymous_3)","decl":{"start":{"line":23,"column":24},"end":{"line":23,"column":25}},"loc":{"start":{"line":23,"column":33},"end":{"line":27,"column":1}},"line":23}},"branchMap":{},"s":{"0":2,"1":2,"2":0,"3":2,"4":1},"f":{"0":2,"1":2,"2":0,"3":1},"b":{},"_coverageSchema":"332fd63041d2c1bcb487cc26dd0d5f7d97098a6c","hash":"3009ec34f655422e345c4ecc1092e12cdb4a46d4"}
,"D:\\InCodeTest\\src\\components\\ClientsListItem.js": {"path":"D:\\InCodeTest\\src\\components\\ClientsListItem.js","statementMap":{"0":{"start":{"line":8,"column":47},"end":{"line":8,"column":57}},"1":{"start":{"line":9,"column":4},"end":{"line":9,"column":71}},"2":{"start":{"line":13,"column":4},"end":{"line":23,"column":6}}},"fnMap":{"0":{"name":"(anonymous_0)","decl":{"start":{"line":7,"column":16},"end":{"line":7,"column":17}},"loc":{"start":{"line":7,"column":22},"end":{"line":10,"column":3}},"line":7},"1":{"name":"(anonymous_1)","decl":{"start":{"line":12,"column":2},"end":{"line":12,"column":3}},"loc":{"start":{"line":12,"column":11},"end":{"line":24,"column":3}},"line":12}},"branchMap":{},"s":{"0":1,"1":1,"2":2},"f":{"0":1,"1":2},"b":{},"_coverageSchema":"332fd63041d2c1bcb487cc26dd0d5f7d97098a6c","hash":"1b14771484b891ea173dfba6fa1a1d8ffa12b6c9"}
,"D:\\InCodeTest\\src\\components\\ClientsPage.js": {"path":"D:\\InCodeTest\\src\\components\\ClientsPage.js","statementMap":{"0":{"start":{"line":8,"column":31},"end":{"line":22,"column":1}},"1":{"start":{"line":9,"column":2},"end":{"line":21,"column":14}},"2":{"start":{"line":24,"column":24},"end":{"line":24,"column":59}},"3":{"start":{"line":24,"column":34},"end":{"line":24,"column":58}}},"fnMap":{"0":{"name":"(anonymous_0)","decl":{"start":{"line":8,"column":31},"end":{"line":8,"column":32}},"loc":{"start":{"line":9,"column":2},"end":{"line":21,"column":14}},"line":9},"1":{"name":"(anonymous_1)","decl":{"start":{"line":24,"column":24},"end":{"line":24,"column":25}},"loc":{"start":{"line":24,"column":34},"end":{"line":24,"column":58}},"line":24}},"branchMap":{},"s":{"0":1,"1":1,"2":1,"3":0},"f":{"0":1,"1":0},"b":{},"_coverageSchema":"332fd63041d2c1bcb487cc26dd0d5f7d97098a6c","hash":"7672d237d129a413fca9d7bc86068f322c80b59e"}
,"D:\\InCodeTest\\src\\components\\SearchInput.js": {"path":"D:\\InCodeTest\\src\\components\\SearchInput.js","statementMap":{"0":{"start":{"line":8,"column":18},"end":{"line":8,"column":32}},"1":{"start":{"line":9,"column":4},"end":{"line":9,"column":42}},"2":{"start":{"line":13,"column":4},"end":{"line":22,"column":6}},"3":{"start":{"line":26,"column":24},"end":{"line":26,"column":61}},"4":{"start":{"line":26,"column":34},"end":{"line":26,"column":60}},"5":{"start":{"line":27,"column":27},"end":{"line":29,"column":2}},"6":{"start":{"line":27,"column":40},"end":{"line":29,"column":1}},"7":{"start":{"line":28,"column":31},"end":{"line":28,"column":60}}},"fnMap":{"0":{"name":"(anonymous_0)","decl":{"start":{"line":7,"column":24},"end":{"line":7,"column":25}},"loc":{"start":{"line":7,"column":29},"end":{"line":10,"column":3}},"line":7},"1":{"name":"(anonymous_1)","decl":{"start":{"line":12,"column":2},"end":{"line":12,"column":3}},"loc":{"start":{"line":12,"column":11},"end":{"line":23,"column":3}},"line":12},"2":{"name":"(anonymous_2)","decl":{"start":{"line":26,"column":24},"end":{"line":26,"column":25}},"loc":{"start":{"line":26,"column":34},"end":{"line":26,"column":60}},"line":26},"3":{"name":"(anonymous_3)","decl":{"start":{"line":27,"column":27},"end":{"line":27,"column":28}},"loc":{"start":{"line":27,"column":40},"end":{"line":29,"column":1}},"line":27},"4":{"name":"(anonymous_4)","decl":{"start":{"line":28,"column":23},"end":{"line":28,"column":24}},"loc":{"start":{"line":28,"column":31},"end":{"line":28,"column":60}},"line":28}},"branchMap":{},"s":{"0":1,"1":1,"2":2,"3":2,"4":0,"5":2,"6":0,"7":0},"f":{"0":1,"1":2,"2":0,"3":0,"4":0},"b":{},"_coverageSchema":"332fd63041d2c1bcb487cc26dd0d5f7d97098a6c","hash":"19fa93b11d16b320828da5d1cb4b22d9c4a8f345"}
,"D:\\InCodeTest\\src\\reducers\\clients.js": {"path":"D:\\InCodeTest\\src\\reducers\\clients.js","statementMap":{"0":{"start":{"line":2,"column":2},"end":{"line":7,"column":3}},"1":{"start":{"line":4,"column":6},"end":{"line":4,"column":28}},"2":{"start":{"line":6,"column":6},"end":{"line":6,"column":19}}},"fnMap":{"0":{"name":"(anonymous_0)","decl":{"start":{"line":1,"column":15},"end":{"line":1,"column":16}},"loc":{"start":{"line":1,"column":39},"end":{"line":8,"column":1}},"line":1}},"branchMap":{"0":{"loc":{"start":{"line":1,"column":16},"end":{"line":1,"column":26}},"type":"default-arg","locations":[{"start":{"line":1,"column":24},"end":{"line":1,"column":26}}],"line":1},"1":{"loc":{"start":{"line":2,"column":2},"end":{"line":7,"column":3}},"type":"switch","locations":[{"start":{"line":3,"column":4},"end":{"line":4,"column":28}},{"start":{"line":5,"column":4},"end":{"line":6,"column":19}}],"line":2}},"s":{"0":2,"1":1,"2":1},"f":{"0":2},"b":{"0":[2],"1":[1,1]},"_coverageSchema":"332fd63041d2c1bcb487cc26dd0d5f7d97098a6c","hash":"fd6c22e8c7828f860e40b538da6b4766440f4952"}
,"D:\\InCodeTest\\src\\reducers\\detail.js": {"path":"D:\\InCodeTest\\src\\reducers\\detail.js","statementMap":{"0":{"start":{"line":2,"column":2},"end":{"line":7,"column":3}},"1":{"start":{"line":4,"column":6},"end":{"line":4,"column":25}},"2":{"start":{"line":6,"column":6},"end":{"line":6,"column":19}}},"fnMap":{"0":{"name":"(anonymous_0)","decl":{"start":{"line":1,"column":15},"end":{"line":1,"column":16}},"loc":{"start":{"line":1,"column":39},"end":{"line":8,"column":1}},"line":1}},"branchMap":{"0":{"loc":{"start":{"line":1,"column":16},"end":{"line":1,"column":26}},"type":"default-arg","locations":[{"start":{"line":1,"column":24},"end":{"line":1,"column":26}}],"line":1},"1":{"loc":{"start":{"line":2,"column":2},"end":{"line":7,"column":3}},"type":"switch","locations":[{"start":{"line":3,"column":4},"end":{"line":4,"column":25}},{"start":{"line":5,"column":4},"end":{"line":6,"column":19}}],"line":2}},"s":{"0":2,"1":1,"2":1},"f":{"0":2},"b":{"0":[2],"1":[1,1]},"_coverageSchema":"332fd63041d2c1bcb487cc26dd0d5f7d97098a6c","hash":"beac453e665bf9159e7b38c87eb9d97f13379161"}
,"D:\\InCodeTest\\src\\reducers\\filters.js": {"path":"D:\\InCodeTest\\src\\reducers\\filters.js","statementMap":{"0":{"start":{"line":2,"column":2},"end":{"line":10,"column":3}},"1":{"start":{"line":4,"column":6},"end":{"line":7,"column":8}},"2":{"start":{"line":9,"column":6},"end":{"line":9,"column":19}}},"fnMap":{"0":{"name":"(anonymous_0)","decl":{"start":{"line":1,"column":15},"end":{"line":1,"column":16}},"loc":{"start":{"line":1,"column":49},"end":{"line":11,"column":1}},"line":1}},"branchMap":{"0":{"loc":{"start":{"line":1,"column":16},"end":{"line":1,"column":36}},"type":"default-arg","locations":[{"start":{"line":1,"column":24},"end":{"line":1,"column":36}}],"line":1},"1":{"loc":{"start":{"line":2,"column":2},"end":{"line":10,"column":3}},"type":"switch","locations":[{"start":{"line":3,"column":4},"end":{"line":7,"column":8}},{"start":{"line":8,"column":4},"end":{"line":9,"column":19}}],"line":2}},"s":{"0":2,"1":1,"2":1},"f":{"0":2},"b":{"0":[2],"1":[1,1]},"_coverageSchema":"332fd63041d2c1bcb487cc26dd0d5f7d97098a6c","hash":"90461ff0e0f20dbd62e6e04e9a04d59e72a82a13"}
,"D:\\InCodeTest\\src\\selectors\\clients.js": {"path":"D:\\InCodeTest\\src\\selectors\\clients.js","statementMap":{"0":{"start":{"line":3,"column":19},"end":{"line":3,"column":41}},"1":{"start":{"line":3,"column":28},"end":{"line":3,"column":41}},"2":{"start":{"line":4,"column":19},"end":{"line":4,"column":41}},"3":{"start":{"line":4,"column":28},"end":{"line":4,"column":41}},"4":{"start":{"line":7,"column":27},"end":{"line":18,"column":1}},"5":{"start":{"line":8,"column":2},"end":{"line":17,"column":3}},"6":{"start":{"line":9,"column":15},"end":{"line":9,"column":23}},"7":{"start":{"line":10,"column":4},"end":{"line":16,"column":5}},"8":{"start":{"line":11,"column":6},"end":{"line":13,"column":7}},"9":{"start":{"line":12,"column":8},"end":{"line":12,"column":29}},"10":{"start":{"line":15,"column":6},"end":{"line":15,"column":42}},"11":{"start":{"line":19,"column":22},"end":{"line":23,"column":1}},"12":{"start":{"line":20,"column":24},"end":{"line":20,"column":26}},"13":{"start":{"line":21,"column":2},"end":{"line":21,"column":41}},"14":{"start":{"line":22,"column":2},"end":{"line":22,"column":23}},"15":{"start":{"line":25,"column":26},"end":{"line":42,"column":1}},"16":{"start":{"line":28,"column":4},"end":{"line":39,"column":5}},"17":{"start":{"line":29,"column":6},"end":{"line":38,"column":9}},"18":{"start":{"line":30,"column":30},"end":{"line":30,"column":51}},"19":{"start":{"line":32,"column":8},"end":{"line":36,"column":9}},"20":{"start":{"line":33,"column":19},"end":{"line":33,"column":48}},"21":{"start":{"line":34,"column":10},"end":{"line":34,"column":49}},"22":{"start":{"line":35,"column":10},"end":{"line":35,"column":31}},"23":{"start":{"line":35,"column":25},"end":{"line":35,"column":31}},"24":{"start":{"line":37,"column":8},"end":{"line":37,"column":25}},"25":{"start":{"line":40,"column":4},"end":{"line":40,"column":19}}},"fnMap":{"0":{"name":"(anonymous_0)","decl":{"start":{"line":3,"column":19},"end":{"line":3,"column":20}},"loc":{"start":{"line":3,"column":28},"end":{"line":3,"column":41}},"line":3},"1":{"name":"(anonymous_1)","decl":{"start":{"line":4,"column":19},"end":{"line":4,"column":20}},"loc":{"start":{"line":4,"column":28},"end":{"line":4,"column":41}},"line":4},"2":{"name":"(anonymous_2)","decl":{"start":{"line":7,"column":27},"end":{"line":7,"column":28}},"loc":{"start":{"line":7,"column":47},"end":{"line":18,"column":1}},"line":7},"3":{"name":"(anonymous_3)","decl":{"start":{"line":19,"column":22},"end":{"line":19,"column":23}},"loc":{"start":{"line":19,"column":29},"end":{"line":23,"column":1}},"line":19},"4":{"name":"(anonymous_4)","decl":{"start":{"line":27,"column":2},"end":{"line":27,"column":3}},"loc":{"start":{"line":27,"column":24},"end":{"line":41,"column":3}},"line":27},"5":{"name":"(anonymous_5)","decl":{"start":{"line":29,"column":28},"end":{"line":29,"column":29}},"loc":{"start":{"line":29,"column":38},"end":{"line":38,"column":7}},"line":29}},"branchMap":{"0":{"loc":{"start":{"line":10,"column":4},"end":{"line":16,"column":5}},"type":"if","locations":[{"start":{"line":10,"column":4},"end":{"line":16,"column":5}},{"start":{"line":10,"column":4},"end":{"line":16,"column":5}}],"line":10},"1":{"loc":{"start":{"line":11,"column":6},"end":{"line":13,"column":7}},"type":"if","locations":[{"start":{"line":11,"column":6},"end":{"line":13,"column":7}},{"start":{"line":11,"column":6},"end":{"line":13,"column":7}}],"line":11},"2":{"loc":{"start":{"line":28,"column":4},"end":{"line":39,"column":5}},"type":"if","locations":[{"start":{"line":28,"column":4},"end":{"line":39,"column":5}},{"start":{"line":28,"column":4},"end":{"line":39,"column":5}}],"line":28},"3":{"loc":{"start":{"line":35,"column":10},"end":{"line":35,"column":31}},"type":"if","locations":[{"start":{"line":35,"column":10},"end":{"line":35,"column":31}},{"start":{"line":35,"column":10},"end":{"line":35,"column":31}}],"line":35}},"s":{"0":3,"1":2,"2":3,"3":2,"4":3,"5":20,"6":60,"7":60,"8":44,"9":40,"10":16,"11":3,"12":4,"13":4,"14":4,"15":3,"16":2,"17":1,"18":4,"19":4,"20":30,"21":30,"22":30,"23":2,"24":4,"25":1},"f":{"0":2,"1":2,"2":20,"3":4,"4":2,"5":4},"b":{"0":[44,16],"1":[40,4],"2":[1,1],"3":[2,28]},"_coverageSchema":"332fd63041d2c1bcb487cc26dd0d5f7d97098a6c","hash":"b50922ba39bb1b4b9aec9d9b76611dae5cba9dae"}
}
