TN:
SF:D:\InCodeTest\src\actions\clients.js
FN:4,(anonymous_0)
FN:9,(anonymous_1)
FN:10,(anonymous_2)
FN:17,(anonymous_3)
FN:21,(anonymous_4)
FNF:5
FNH:3
FNDA:1,(anonymous_0)
FNDA:2,(anonymous_1)
FNDA:1,(anonymous_2)
FNDA:0,(anonymous_3)
FNDA:0,(anonymous_4)
DA:4,2
DA:9,2
DA:10,2
DA:11,1
DA:18,0
DA:19,0
DA:22,0
LF:7
LH:4
BRF:0
BRH:0
end_of_record
TN:
SF:D:\InCodeTest\src\actions\detail.js
FN:1,(anonymous_0)
FNF:1
FNH:1
FNDA:2,(anonymous_0)
DA:1,4
LF:1
LH:1
BRF:0
BRH:0
end_of_record
TN:
SF:D:\InCodeTest\src\components\ClientsList.js
FN:9,(anonymous_0)
FN:12,(anonymous_1)
FN:15,(anonymous_2)
FN:23,(anonymous_3)
FNF:4
FNH:3
FNDA:2,(anonymous_0)
FNDA:2,(anonymous_1)
FNDA:0,(anonymous_2)
FNDA:1,(anonymous_3)
DA:10,2
DA:13,2
DA:16,0
DA:23,2
DA:24,1
LF:5
LH:4
BRF:0
BRH:0
end_of_record
TN:
SF:D:\InCodeTest\src\components\ClientsListItem.js
FN:7,(anonymous_0)
FN:12,(anonymous_1)
FNF:2
FNH:2
FNDA:1,(anonymous_0)
FNDA:2,(anonymous_1)
DA:8,1
DA:9,1
DA:13,2
LF:3
LH:3
BRF:0
BRH:0
end_of_record
TN:
SF:D:\InCodeTest\src\reducers\clients.js
FN:1,(anonymous_0)
FNF:1
FNH:1
FNDA:2,(anonymous_0)
DA:2,2
DA:4,1
DA:6,1
LF:3
LH:3
BRDA:1,0,0,2
BRDA:2,1,0,1
BRDA:2,1,1,1
BRF:3
BRH:3
end_of_record
TN:
SF:D:\InCodeTest\src\reducers\detail.js
FN:1,(anonymous_0)
FNF:1
FNH:1
FNDA:2,(anonymous_0)
DA:2,2
DA:4,1
DA:6,1
LF:3
LH:3
BRDA:1,0,0,2
BRDA:2,1,0,1
BRDA:2,1,1,1
BRF:3
BRH:3
end_of_record
TN:
SF:D:\InCodeTest\src\reducers\filters.js
FN:1,(anonymous_0)
FNF:1
FNH:1
FNDA:2,(anonymous_0)
DA:2,2
DA:4,1
DA:9,1
LF:3
LH:3
BRDA:1,0,0,2
BRDA:2,1,0,1
BRDA:2,1,1,1
BRF:3
BRH:3
end_of_record
TN:
SF:D:\InCodeTest\src\selectors\clients.js
FN:3,(anonymous_0)
FN:4,(anonymous_1)
FN:7,(anonymous_2)
FN:19,(anonymous_3)
FN:27,(anonymous_4)
FN:29,(anonymous_5)
FNF:6
FNH:6
FNDA:2,(anonymous_0)
FNDA:2,(anonymous_1)
FNDA:20,(anonymous_2)
FNDA:4,(anonymous_3)
FNDA:2,(anonymous_4)
FNDA:4,(anonymous_5)
DA:3,3
DA:4,3
DA:7,3
DA:8,20
DA:9,60
DA:10,60
DA:11,44
DA:12,40
DA:15,16
DA:19,3
DA:20,4
DA:21,4
DA:22,4
DA:25,3
DA:28,2
DA:29,1
DA:30,4
DA:32,4
DA:33,30
DA:34,30
DA:35,30
DA:37,4
DA:40,1
LF:23
LH:23
BRDA:10,0,0,44
BRDA:10,0,1,16
BRDA:11,1,0,40
BRDA:11,1,1,4
BRDA:28,2,0,1
BRDA:28,2,1,1
BRDA:35,3,0,2
BRDA:35,3,1,28
BRF:8
BRH:8
end_of_record
