TN:
SF:D:\InCodeTest\src\actions\clients.js
FN:4,(anonymous_0)
FN:9,(anonymous_1)
FN:10,(anonymous_2)
FN:17,(anonymous_3)
FN:21,(anonymous_4)
FNF:5
FNH:3
FNDA:1,(anonymous_0)
FNDA:1,(anonymous_1)
FNDA:1,(anonymous_2)
FNDA:0,(anonymous_3)
FNDA:0,(anonymous_4)
DA:4,1
DA:9,1
DA:10,1
DA:11,1
DA:18,0
DA:19,0
DA:22,0
LF:7
LH:4
BRF:0
BRH:0
end_of_record
TN:
SF:D:\InCodeTest\src\actions\detail.js
FN:1,(anonymous_0)
FNF:1
FNH:1
FNDA:1,(anonymous_0)
DA:1,2
LF:1
LH:1
BRF:0
BRH:0
end_of_record
TN:
SF:D:\InCodeTest\src\components\ClientsListItem.js
FN:7,(anonymous_0)
FN:12,(anonymous_1)
FNF:2
FNH:2
FNDA:1,(anonymous_0)
FNDA:1,(anonymous_1)
DA:8,1
DA:9,1
DA:13,1
LF:3
LH:3
BRF:0
BRH:0
end_of_record
TN:
SF:D:\InCodeTest\src\tests\setupTests.js
FNF:0
FNH:0
DA:4,2
LF:1
LH:1
BRF:0
BRH:0
end_of_record
TN:
SF:D:\InCodeTest\src\tests\fixtures\clients.js
FNF:0
FNH:0
LF:0
LH:0
BRF:0
BRH:0
end_of_record
